빌드 시작: 2012-07-05 오후 9:42:54
     1>2 노드의 "C:\Users\grace\Desktop\root\grace\work\[2012]충남대\[로봇대회]grow\grace_sift\webcam.vcxproj" 프로젝트(build 대상)입니다.
     1>InitializeBuildStatus:
         "AlwaysCreate"이(가) 지정되었기 때문에 ".\Debug\webcam.unsuccessfulbuild"을(를) 만들고 있습니다.
       ClCompile:
         모든 출력이 최신 상태입니다.
         c:\Program Files (x86)\Microsoft Visual Studio 10.0\VC\bin\CL.exe /c /ZI /nologo /W3 /WX- /Od /Oy- /D WIN32 /D _DEBUG /D _WINDOWS /D _VC80_UPGRADE=0x0600 /D _MBCS /D _AFXDLL /Gm /EHsc /RTC1 /MDd /GS /fp:precise /Zc:wchar_t /Zc:forScope /Yu"stdafx.h" /Fp".\Debug/webcam.pch" /Fo".\Debug/" /Fd".\Debug/vc100.pdb" /FR".\Debug\\" /Gd /TP /analyze- /errorReport:prompt webcamDlg.cpp
         webcamDlg.cpp
     1>c:\users\grace\desktop\root\grace\work\[2012]충남대\[로봇대회]grow\grace_sift\rgb2hsi.h(38): warning C4244: '인수' : 'float'에서 'int'(으)로 변환하면서 데이터가 손실될 수 있습니다.
     1>c:\users\grace\desktop\root\grace\work\[2012]충남대\[로봇대회]grow\grace_sift\rgb2hsi.h(38): warning C4244: '인수' : 'float'에서 'int'(으)로 변환하면서 데이터가 손실될 수 있습니다.
     1>c:\users\grace\desktop\root\grace\work\[2012]충남대\[로봇대회]grow\grace_sift\rgb2hsi.h(51): warning C4244: '=' : 'double'에서 'float'(으)로 변환하면서 데이터가 손실될 수 있습니다.
     1>c:\users\grace\desktop\root\grace\work\[2012]충남대\[로봇대회]grow\grace_sift\webcamdlg.cpp(394): warning C4101: 'w' :참조되지 않은 지역 변수입니다.
     1>c:\users\grace\desktop\root\grace\work\[2012]충남대\[로봇대회]grow\grace_sift\webcamdlg.cpp(394): warning C4101: 'h' :참조되지 않은 지역 변수입니다.
     1>c:\users\grace\desktop\root\grace\work\[2012]충남대\[로봇대회]grow\grace_sift\webcamdlg.cpp(394): warning C4101: 'c' :참조되지 않은 지역 변수입니다.
     1>c:\users\grace\desktop\root\grace\work\[2012]충남대\[로봇대회]grow\grace_sift\webcamdlg.cpp(746): warning C4101: 'bbb' :참조되지 않은 지역 변수입니다.
     1>c:\users\grace\desktop\root\grace\work\[2012]충남대\[로봇대회]grow\grace_sift\webcamdlg.cpp(745): warning C4101: 'i' :참조되지 않은 지역 변수입니다.
     1>c:\users\grace\desktop\root\grace\work\[2012]충남대\[로봇대회]grow\grace_sift\webcamdlg.cpp(744): warning C4101: 'nWidth' :참조되지 않은 지역 변수입니다.
     1>c:\users\grace\desktop\root\grace\work\[2012]충남대\[로봇대회]grow\grace_sift\webcamdlg.cpp(747): warning C4101: 'ret_num_corners' :참조되지 않은 지역 변수입니다.
     1>c:\users\grace\desktop\root\grace\work\[2012]충남대\[로봇대회]grow\grace_sift\webcamdlg.cpp(749): warning C4101: 'corners' :참조되지 않은 지역 변수입니다.
     1>c:\users\grace\desktop\root\grace\work\[2012]충남대\[로봇대회]grow\grace_sift\webcamdlg.cpp(744): warning C4101: 'nHeight' :참조되지 않은 지역 변수입니다.
     1>c:\users\grace\desktop\root\grace\work\[2012]충남대\[로봇대회]grow\grace_sift\webcamdlg.cpp(746): warning C4101: 'aaa' :참조되지 않은 지역 변수입니다.
     1>c:\users\grace\desktop\root\grace\work\[2012]충남대\[로봇대회]grow\grace_sift\webcamdlg.cpp(745): warning C4101: 'j' :참조되지 않은 지역 변수입니다.
       ResourceCompile:
         모든 출력이 최신 상태입니다.
       ManifestResourceCompile:
         모든 출력이 최신 상태입니다.
       Link:
         c:\Program Files (x86)\Microsoft Visual Studio 10.0\VC\bin\link.exe /ERRORREPORT:PROMPT /OUT:".\Debug/webcam.exe" /INCREMENTAL /NOLOGO vfw32.lib /MANIFEST /ManifestFile:".\Debug\webcam.exe.intermediate.manifest" /MANIFESTUAC:"level='asInvoker' uiAccess='false'" /DEBUG /PDB:".\Debug/webcam.pdb" /SUBSYSTEM:WINDOWS /TLBID:1 /DYNAMICBASE:NO /IMPLIB:".\Debug\webcam.lib" /MACHINE:X86 .\Debug\webcam.res
         .\Debug\webcam.exe.embed.manifest.res
         .\Debug/CamSetting.obj
         .\Debug/pgm.obj
         .\Debug/pGNUPlot.obj
         .\Debug/sift.obj
         .\Debug/StdAfx.obj
         .\Debug/webcam.obj
         .\Debug/webcamDlg.obj
       Manifest:
         C:\Program Files (x86)\Microsoft SDKs\Windows\v7.0A\bin\mt.exe /nologo /verbose /out:".\Debug\webcam.exe.embed.manifest" /manifest .\Debug\webcam.exe.intermediate.manifest "c:\Program Files (x86)\Microsoft Visual Studio 10.0\VC\Include\Manifest\dpiaware.manifest"
         모든 출력이 최신 상태입니다.
       LinkEmbedManifest:
         모든 출력이 최신 상태입니다.
         webcam.vcxproj -> C:\Users\grace\Desktop\root\grace\work\[2012]충남대\[로봇대회]grow\grace_sift\.\Debug\webcam.exe
       BscMake:
         c:\Program Files (x86)\Microsoft Visual Studio 10.0\VC\bin\bscmake.exe /nologo /o".\Debug/webcam.bsc" .\Debug\CamSetting.sbr .\Debug\pgm.sbr .\Debug\pGNUPlot.sbr .\Debug\sift.sbr .\Debug\StdAfx.sbr .\Debug\webcam.sbr .\Debug\webcamDlg.sbr
       FinalizeBuildStatus:
         ".\Debug\webcam.unsuccessfulbuild" 파일을 삭제하고 있습니다.
         ".\Debug\webcam.lastbuildstate"에 연결(touching)하고 있습니다.
     1>"C:\Users\grace\Desktop\root\grace\work\[2012]충남대\[로봇대회]grow\grace_sift\webcam.vcxproj" 프로젝트를 빌드했습니다(build 대상).

빌드했습니다.

경과 시간: 00:00:02.32
